<?xml version="1.0" encoding="UTF-8"?>
<!-- Generated by org.testng.reporters.JUnitXMLReporter -->
<testsuite ignored="0" hostname="DESKTOP-G2M5QUV" failures="0" tests="4" name="Default test" time="0.09" errors="0" timestamp="2022-09-17T14:14:15 IST">
  <testcase classname="Practice.practicetest" name="cleardata" time="0.008"/>
  <testcase classname="Practice.practicetest" name="enterdata" time="0.003"/>
  <testcase classname="Practice.practicetest" name="exit" time="0.002"/>
  <testcase classname="Practice.practicetest" name="launch" time="0.002"/>
</testsuite> <!-- Default test -->
