<?xml version="1.0" encoding="UTF-8"?>
<testng-results ignored="0" total="4" passed="4" failed="0" skipped="0">
  <reporter-output>
  </reporter-output>
  <suite started-at="2022-09-17T14:14:15 IST" name="Default suite" finished-at="2022-09-17T14:14:15 IST" duration-ms="90">
    <groups>
    </groups>
    <test started-at="2022-09-17T14:14:15 IST" name="Default test" finished-at="2022-09-17T14:14:15 IST" duration-ms="90">
      <class name="Practice.practicetest">
        <test-method signature="cleardata()[pri:0, instance:Practice.practicetest@1a18644]" started-at="2022-09-17T14:14:15 IST" name="cleardata" finished-at="2022-09-17T14:14:15 IST" duration-ms="8" status="PASS">
          <reporter-output>
          </reporter-output>
        </test-method> <!-- cleardata -->
        <test-method signature="enterdata()[pri:0, instance:Practice.practicetest@1a18644]" started-at="2022-09-17T14:14:15 IST" name="enterdata" finished-at="2022-09-17T14:14:15 IST" duration-ms="3" status="PASS">
          <reporter-output>
          </reporter-output>
        </test-method> <!-- enterdata -->
        <test-method signature="exit()[pri:0, instance:Practice.practicetest@1a18644]" started-at="2022-09-17T14:14:15 IST" name="exit" finished-at="2022-09-17T14:14:15 IST" duration-ms="2" status="PASS">
          <reporter-output>
          </reporter-output>
        </test-method> <!-- exit -->
        <test-method signature="launch()[pri:0, instance:Practice.practicetest@1a18644]" started-at="2022-09-17T14:14:15 IST" name="launch" finished-at="2022-09-17T14:14:15 IST" duration-ms="2" status="PASS">
          <reporter-output>
          </reporter-output>
        </test-method> <!-- launch -->
      </class> <!-- Practice.practicetest -->
    </test> <!-- Default test -->
  </suite> <!-- Default suite -->
</testng-results>
