<?xml version="1.0" encoding="UTF-8"?>
<testng-results ignored="0" total="1" passed="1" failed="0" skipped="0">
  <reporter-output>
  </reporter-output>
  <suite started-at="2022-09-11T00:03:46 IST" name="Default suite" finished-at="2022-09-11T00:03:46 IST" duration-ms="84">
    <groups>
    </groups>
    <test started-at="2022-09-11T00:03:46 IST" name="Default test" finished-at="2022-09-11T00:03:46 IST" duration-ms="84">
      <class name="Practice.practice1">
        <test-method signature="launch()[pri:0, instance:Practice.practice1@48f278eb]" started-at="2022-09-11T00:03:46 IST" name="launch" finished-at="2022-09-11T00:03:46 IST" duration-ms="12" status="PASS">
          <reporter-output>
          </reporter-output>
        </test-method> <!-- launch -->
      </class> <!-- Practice.practice1 -->
    </test> <!-- Default test -->
  </suite> <!-- Default suite -->
</testng-results>
